生成启动时间为 2021/4/13 21:22:44。
     1>项目“D:\KSWJJ\24000001\modi1\modi1\modi1.vcxproj”在节点 2 上(build 个目标)。
     1>InitializeBuildStatus:
         正在创建“Debug\modi1.unsuccessfulbuild”，因为已指定“AlwaysCreate”。
       ClCompile:
         F:\Microsoft Visual Studio 10.0\VC\bin\CL.exe /c /ZI /nologo /W3 /WX- /Od /Oy- /D WIN32 /D _DEBUG /D _CONSOLE /D _UNICODE /D UNICODE /Gm /EHsc /RTC1 /MDd /GS /fp:precise /Zc:wchar_t /Zc:forScope /Fo"Debug\\" /Fd"Debug\vc100.pdb" /Gd /TC /analyze- /errorReport:prompt ../modi1.c
         modi1.c
       ManifestResourceCompile:
         所有输出均为最新。
       Link:
         F:\Microsoft Visual Studio 10.0\VC\bin\link.exe /ERRORREPORT:PROMPT /OUT:"Debug\modi1.exe" /INCREMENTAL /NOLOGO kernel32.lib user32.lib gdi32.lib winspool.lib comdlg32.lib advapi32.lib shell32.lib ole32.lib oleaut32.lib uuid.lib odbc32.lib odbccp32.lib /MANIFEST /ManifestFile:"Debug\modi1.exe.intermediate.manifest" /MANIFESTUAC:"level='asInvoker' uiAccess='false'" /DEBUG /PDB:"D:\KSWJJ\24000001\modi1\modi1\Debug\modi1.pdb" /SUBSYSTEM:CONSOLE /TLBID:1 /DYNAMICBASE /NXCOMPAT /IMPLIB:"Debug\modi1.lib" /MACHINE:X86 Debug\modi1.exe.embed.manifest.res
         Debug\modi1.obj
       Manifest:
         C:\Program Files (x86)\Microsoft SDKs\Windows\v7.0A\bin\mt.exe /nologo /verbose /out:"Debug\modi1.exe.embed.manifest" /manifest Debug\modi1.exe.intermediate.manifest
         所有输出均为最新。
       LinkEmbedManifest:
         所有输出均为最新。
         modi1.vcxproj -> D:\KSWJJ\24000001\modi1\modi1\Debug\modi1.exe
       FinalizeBuildStatus:
         正在删除文件“Debug\modi1.unsuccessfulbuild”。
         正在对“Debug\modi1.lastbuildstate”执行 Touch 任务。
     1>已完成生成项目“D:\KSWJJ\24000001\modi1\modi1\modi1.vcxproj”(build 个目标)的操作。

生成成功。

已用时间 00:00:00.69
